Build started 17/05/2011 3:29:41 PM.
     1>Project "D:\# Libraries\Documents\My Dropbox\Documents\ICT215 - Computer Graphics Principles and Programming\Assignments\Project\Source\PingPong\PingPong.vcxproj" on node 2 (build target(s)).
     1>InitializeBuildStatus:
         Creating "Release\PingPong.unsuccessfulbuild" because "AlwaysCreate" was specified.
       ClCompile:
         C:\Program Files (x86)\Microsoft Visual Studio 10.0\VC\bin\CL.exe /c /Zi /nologo /W3 /WX- /O2 /Oi /Oy- /GL /D _MBCS /Gm- /EHsc /MD /GS /Gy /fp:precise /Zc:wchar_t /Zc:forScope /Fo"Release\\" /Fd"Release\vc100.pdb" /Gd /TC /analyze- /errorReport:prompt Main.c
         Main.c
     1>Main.c(138): warning C4113: 'void (__cdecl *)()' differs in parameter lists from 'void (__cdecl *)(void)'
       Link:
         C:\Program Files (x86)\Microsoft Visual Studio 10.0\VC\bin\link.exe /ERRORREPORT:PROMPT /OUT:"D:\# Libraries\Documents\My Dropbox\Documents\ICT215 - Computer Graphics Principles and Programming\Assignments\Project\Source\Release\PingPong.exe" /NOLOGO kernel32.lib user32.lib gdi32.lib winspool.lib comdlg32.lib advapi32.lib shell32.lib ole32.lib oleaut32.lib uuid.lib odbc32.lib odbccp32.lib /MANIFEST /ManifestFile:"Release\PingPong.exe.intermediate.manifest" /MANIFESTUAC:"level='asInvoker' uiAccess='false'" /DEBUG /PDB:"D:\# Libraries\Documents\My Dropbox\Documents\ICT215 - Computer Graphics Principles and Programming\Assignments\Project\Source\Release\PingPong.pdb" /OPT:REF /OPT:ICF /LTCG /TLBID:1 /DYNAMICBASE /NXCOMPAT /IMPLIB:"D:\# Libraries\Documents\My Dropbox\Documents\ICT215 - Computer Graphics Principles and Programming\Assignments\Project\Source\Release\PingPong.lib" /MACHINE:X86 Release\Collision.obj
         Release\Controls.obj
         Release\glm.obj
         Release\IMGLoader.obj
         Release\Main.obj
         Release\Menu.obj
         Release\MenuItems.obj
         Release\Misc.obj
         Release\Objects.obj
         Generating code
         Finished generating code
         PingPong.vcxproj -> D:\# Libraries\Documents\My Dropbox\Documents\ICT215 - Computer Graphics Principles and Programming\Assignments\Project\Source\Release\PingPong.exe
       Manifest:
         C:\Program Files (x86)\Microsoft SDKs\Windows\v7.0A\bin\mt.exe /nologo /verbose /outputresource:"D:\# Libraries\Documents\My Dropbox\Documents\ICT215 - Computer Graphics Principles and Programming\Assignments\Project\Source\Release\PingPong.exe;#1" /manifest Release\PingPong.exe.intermediate.manifest
       FinalizeBuildStatus:
         Deleting file "Release\PingPong.unsuccessfulbuild".
         Touching "Release\PingPong.lastbuildstate".
     1>Done Building Project "D:\# Libraries\Documents\My Dropbox\Documents\ICT215 - Computer Graphics Principles and Programming\Assignments\Project\Source\PingPong\PingPong.vcxproj" (build target(s)).

Build succeeded.

Time Elapsed 00:00:01.46
