D:\# LIBRARIES\DOCUMENTS\MY DROPBOX\DOCUMENTS\ICT215 - COMPUTER GRAPHICS PRINCIPLES AND PROGRAMMING\ASSIGNMENTS\PROJECT\SOURCE\DEBUG\PINGPONG.EXE
D:\# LIBRARIES\DOCUMENTS\MY DROPBOX\DOCUMENTS\ICT215 - COMPUTER GRAPHICS PRINCIPLES AND PROGRAMMING\ASSIGNMENTS\PROJECT\SOURCE\DEBUG\PINGPONG.ILK
D:\# LIBRARIES\DOCUMENTS\MY DROPBOX\DOCUMENTS\ICT215 - COMPUTER GRAPHICS PRINCIPLES AND PROGRAMMING\ASSIGNMENTS\PROJECT\SOURCE\DEBUG\PINGPONG.PDB
D:\# Libraries\Documents\My Dropbox\Documents\ICT215 - Computer Graphics Principles and Programming\Assignments\Project\Source\PingPong\Debug\cl.command.1.tlog
D:\# Libraries\Documents\My Dropbox\Documents\ICT215 - Computer Graphics Principles and Programming\Assignments\Project\Source\PingPong\Debug\CL.read.1.tlog
D:\# Libraries\Documents\My Dropbox\Documents\ICT215 - Computer Graphics Principles and Programming\Assignments\Project\Source\PingPong\Debug\CL.write.1.tlog
D:\# LIBRARIES\DOCUMENTS\MY DROPBOX\DOCUMENTS\ICT215 - COMPUTER GRAPHICS PRINCIPLES AND PROGRAMMING\ASSIGNMENTS\PROJECT\SOURCE\PINGPONG\DEBUG\COLLISION.OBJ
D:\# LIBRARIES\DOCUMENTS\MY DROPBOX\DOCUMENTS\ICT215 - COMPUTER GRAPHICS PRINCIPLES AND PROGRAMMING\ASSIGNMENTS\PROJECT\SOURCE\PINGPONG\DEBUG\CONTROLS.OBJ
D:\# LIBRARIES\DOCUMENTS\MY DROPBOX\DOCUMENTS\ICT215 - COMPUTER GRAPHICS PRINCIPLES AND PROGRAMMING\ASSIGNMENTS\PROJECT\SOURCE\PINGPONG\DEBUG\GLM.OBJ
D:\# LIBRARIES\DOCUMENTS\MY DROPBOX\DOCUMENTS\ICT215 - COMPUTER GRAPHICS PRINCIPLES AND PROGRAMMING\ASSIGNMENTS\PROJECT\SOURCE\PINGPONG\DEBUG\IMGLOADER.OBJ
D:\# Libraries\Documents\My Dropbox\Documents\ICT215 - Computer Graphics Principles and Programming\Assignments\Project\Source\PingPong\Debug\link.command.1.tlog
D:\# Libraries\Documents\My Dropbox\Documents\ICT215 - Computer Graphics Principles and Programming\Assignments\Project\Source\PingPong\Debug\link.read.1.tlog
D:\# Libraries\Documents\My Dropbox\Documents\ICT215 - Computer Graphics Principles and Programming\Assignments\Project\Source\PingPong\Debug\link.write.1.tlog
D:\# LIBRARIES\DOCUMENTS\MY DROPBOX\DOCUMENTS\ICT215 - COMPUTER GRAPHICS PRINCIPLES AND PROGRAMMING\ASSIGNMENTS\PROJECT\SOURCE\PINGPONG\DEBUG\MAIN.OBJ
D:\# LIBRARIES\DOCUMENTS\MY DROPBOX\DOCUMENTS\ICT215 - COMPUTER GRAPHICS PRINCIPLES AND PROGRAMMING\ASSIGNMENTS\PROJECT\SOURCE\PINGPONG\DEBUG\MENU.OBJ
D:\# LIBRARIES\DOCUMENTS\MY DROPBOX\DOCUMENTS\ICT215 - COMPUTER GRAPHICS PRINCIPLES AND PROGRAMMING\ASSIGNMENTS\PROJECT\SOURCE\PINGPONG\DEBUG\MENUITEMS.OBJ
D:\# LIBRARIES\DOCUMENTS\MY DROPBOX\DOCUMENTS\ICT215 - COMPUTER GRAPHICS PRINCIPLES AND PROGRAMMING\ASSIGNMENTS\PROJECT\SOURCE\PINGPONG\DEBUG\MISC.OBJ
D:\# Libraries\Documents\My Dropbox\Documents\ICT215 - Computer Graphics Principles and Programming\Assignments\Project\Source\PingPong\Debug\mt.command.1.tlog
D:\# Libraries\Documents\My Dropbox\Documents\ICT215 - Computer Graphics Principles and Programming\Assignments\Project\Source\PingPong\Debug\mt.read.1.tlog
D:\# Libraries\Documents\My Dropbox\Documents\ICT215 - Computer Graphics Principles and Programming\Assignments\Project\Source\PingPong\Debug\mt.write.1.tlog
D:\# LIBRARIES\DOCUMENTS\MY DROPBOX\DOCUMENTS\ICT215 - COMPUTER GRAPHICS PRINCIPLES AND PROGRAMMING\ASSIGNMENTS\PROJECT\SOURCE\PINGPONG\DEBUG\OBJECTS.OBJ
D:\# LIBRARIES\DOCUMENTS\MY DROPBOX\DOCUMENTS\ICT215 - COMPUTER GRAPHICS PRINCIPLES AND PROGRAMMING\ASSIGNMENTS\PROJECT\SOURCE\PINGPONG\DEBUG\PINGPONG.EXE.INTERMEDIATE.MANIFEST
D:\# Libraries\Documents\My Dropbox\Documents\ICT215 - Computer Graphics Principles and Programming\Assignments\Project\Source\PingPong\Debug\PingPong.write.1.tlog
D:\# Libraries\Documents\My Dropbox\Documents\ICT215 - Computer Graphics Principles and Programming\Assignments\Project\Source\PingPong\Debug\vc100.idb
D:\# LIBRARIES\DOCUMENTS\MY DROPBOX\DOCUMENTS\ICT215 - COMPUTER GRAPHICS PRINCIPLES AND PROGRAMMING\ASSIGNMENTS\PROJECT\SOURCE\PINGPONG\DEBUG\VC100.PDB
